<?xml version="1.0" encoding="UTF-8"?>
<!-- Generated by org.testng.reporters.JUnitReportReporter -->
<testsuite hostname="DESKTOP-NJ97IE9" failures="0" tests="1" name="session30.DemoJSONSchemaValidation" time="3.726" errors="0" timestamp="2023-05-02T18:10:53 IST" skipped="0">
  <testcase classname="session30.DemoJSONSchemaValidation" name="testMethod" time="3.726"/>
  <system-out/>
</testsuite> <!-- session30.DemoJSONSchemaValidation -->
