<?xml version="1.0" encoding="UTF-8"?>
<!-- Generated by org.testng.reporters.JUnitReportReporter -->
<testsuite hostname="IN-16MRXM3" failures="0" tests="2" name="session16.JSONArrayDemo" time="2.075" errors="0" timestamp="2025-03-19T22:17:02 IST" skipped="1">
  <testcase classname="session16.JSONArrayDemo" name="CreateJSonArrayUsingList" time="2.075"/>
  <system-out/>
  <testcase classname="session16.JSONArrayDemo" name="createUserUsingJSONArray">
    <skipped/>
  </testcase> <!-- createUserUsingJSONArray -->
  <system-out/>
</testsuite> <!-- session16.JSONArrayDemo -->
