<?xml version="1.0" encoding="UTF-8"?>
<!-- Generated by org.testng.reporters.JUnitReportReporter -->
<testsuite hostname="IN-16MRXM3" failures="0" tests="1" name="session13.QueryRequestSpecification" time="0.495" errors="0" timestamp="2025-03-19T22:16:18 IST" skipped="0">
  <testcase classname="session13.QueryRequestSpecification" name="createUser" time="0.495"/>
  <system-out/>
</testsuite> <!-- session13.QueryRequestSpecification -->
