<?xml version="1.0" encoding="UTF-8"?>
<!-- Generated by org.testng.reporters.JUnitReportReporter -->
<testsuite hostname="DESKTOP-NJ97IE9" failures="0" tests="1" name="session31.DemoSchemaValidation2" time="0.502" errors="0" timestamp="2023-05-03T11:45:56 IST" skipped="0">
  <testcase classname="session31.DemoSchemaValidation2" name="testMethod" time="0.502"/>
  <system-out/>
</testsuite> <!-- session31.DemoSchemaValidation2 -->
